# JRE version: OpenJDK Runtime Environment Temurin-17.0.11+9 (17.0.11+9) (build 17.0.11+9)
# Java VM: OpenJDK 64-Bit Server VM Temurin-17.0.11+9 (17.0.11+9, mixed mode, emulated-client, tiered, compressed oops, compressed class ptrs, g1 gc, windows-amd64)
GC Precious Log:
 CPUs: 6 total, 6 available
 Memory: 7600M
 Large Page Support: Disabled
 NUMA Support: Disabled
 Compressed Oops: Enabled (32-bit)
 Heap Region Size: 1M
 Heap Min Capacity: 8M
 Heap Initial Capacity: 120M
 Heap Max Capacity: 1G
 Pre-touch: Disabled
 Parallel Workers: 6
 Concurrent Workers: 2
 Concurrent Refinement Workers: 6
 Periodic GC: Disabled
Heap:
 garbage-first heap   total 133120K, used 47136K [0x00000000c0000000, 0x0000000100000000)
  region size 1024K, 1 young (1024K), 0 survivors (0K)
 Metaspace       used 67475K, committed 67968K, reserved 1114112K
  class space    used 8930K, committed 9152K, reserved 1048576K
GC Heap History (20 events):
Event: 255185.368 GC heap before
{Heap before GC invocations=13715 (full 12705):
 garbage-first heap   total 133120K, used 47136K [0x00000000c0000000, 0x0000000100000000)
  region size 1024K, 1 young (1024K), 0 survivors (0K)
 Metaspace       used 67475K, committed 67968K, reserved 1114112K
  class space    used 8930K, committed 9152K, reserved 1048576K
}
Event: 255185.420 GC heap after
{Heap after GC invocations=13716 (full 12706):
 garbage-first heap   total 133120K, used 47136K [0x00000000c0000000, 0x0000000100000000)
  region size 1024K, 0 young (0K), 0 survivors (0K)
 Metaspace       used 67475K, committed 67968K, reserved 1114112K
  class space    used 8930K, committed 9152K, reserved 1048576K
}
Event: 255195.660 GC heap before
{Heap before GC invocations=13716 (full 12706):
 garbage-first heap   total 133120K, used 47136K [0x00000000c0000000, 0x0000000100000000)
  region size 1024K, 1 young (1024K), 0 survivors (0K)
 Metaspace       used 67475K, committed 67968K, reserved 1114112K
  class space    used 8930K, committed 9152K, reserved 1048576K
}
Event: 255195.710 GC heap after
{Heap after GC invocations=13717 (full 12707):
 garbage-first heap   total 133120K, used 47136K [0x00000000c0000000, 0x0000000100000000)
  region size 1024K, 0 young (0K), 0 survivors (0K)
 Metaspace       used 67475K, committed 67968K, reserved 1114112K
  class space    used 8930K, committed 9152K, reserved 1048576K
}
Event: 255205.887 GC heap before
{Heap before GC invocations=13717 (full 12707):
 garbage-first heap   total 133120K, used 47136K [0x00000000c0000000, 0x0000000100000000)
  region size 1024K, 1 young (1024K), 0 survivors (0K)
 Metaspace       used 67475K, committed 67968K, reserved 1114112K
  class space    used 8930K, committed 9152K, reserved 1048576K
}
Event: 255205.943 GC heap after
{Heap after GC invocations=13718 (full 12708):
 garbage-first heap   total 133120K, used 47136K [0x00000000c0000000, 0x0000000100000000)
  region size 1024K, 0 young (0K), 0 survivors (0K)
 Metaspace       used 67475K, committed 67968K, reserved 1114112K
  class space    used 8930K, committed 9152K, reserved 1048576K
}
Event: 255216.130 GC heap before
{Heap before GC invocations=13718 (full 12708):
 garbage-first heap   total 133120K, used 47136K [0x00000000c0000000, 0x0000000100000000)
  region size 1024K, 1 young (1024K), 0 survivors (0K)
 Metaspace       used 67475K, committed 67968K, reserved 1114112K
  class space    used 8930K, committed 9152K, reserved 1048576K
}
Event: 255216.181 GC heap after
{Heap after GC invocations=13719 (full 12709):
 garbage-first heap   total 133120K, used 47136K [0x00000000c0000000, 0x0000000100000000)
  region size 1024K, 0 young (0K), 0 survivors (0K)
 Metaspace       used 67475K, committed 67968K, reserved 1114112K
  class space    used 8930K, committed 9152K, reserved 1048576K
}
Event: 255226.354 GC heap before
{Heap before GC invocations=13719 (full 12709):
 garbage-first heap   total 133120K, used 47136K [0x00000000c0000000, 0x0000000100000000)
  region size 1024K, 1 young (1024K), 0 survivors (0K)
 Metaspace       used 67475K, committed 67968K, reserved 1114112K
  class space    used 8930K, committed 9152K, reserved 1048576K
}
Event: 255226.407 GC heap after
{Heap after GC invocations=13720 (full 12710):
 garbage-first heap   total 133120K, used 47136K [0x00000000c0000000, 0x0000000100000000)
  region size 1024K, 0 young (0K), 0 survivors (0K)
 Metaspace       used 67475K, committed 67968K, reserved 1114112K
  class space    used 8930K, committed 9152K, reserved 1048576K
}
Event: 255236.587 GC heap before
{Heap before GC invocations=13720 (full 12710):
 garbage-first heap   total 133120K, used 47136K [0x00000000c0000000, 0x0000000100000000)
  region size 1024K, 1 young (1024K), 0 survivors (0K)
 Metaspace       used 67475K, committed 67968K, reserved 1114112K
  class space    used 8930K, committed 9152K, reserved 1048576K
}
Event: 255236.639 GC heap after
{Heap after GC invocations=13721 (full 12711):
 garbage-first heap   total 133120K, used 47136K [0x00000000c0000000, 0x0000000100000000)
  region size 1024K, 0 young (0K), 0 survivors (0K)
 Metaspace       used 67475K, committed 67968K, reserved 1114112K
  class space    used 8930K, committed 9152K, reserved 1048576K
}
Event: 255246.970 GC heap before
{Heap before GC invocations=13721 (full 12711):
 garbage-first heap   total 133120K, used 47136K [0x00000000c0000000, 0x0000000100000000)
  region size 1024K, 1 young (1024K), 0 survivors (0K)
 Metaspace       used 67475K, committed 67968K, reserved 1114112K
  class space    used 8930K, committed 9152K, reserved 1048576K
}
Event: 255247.092 GC heap after
{Heap after GC invocations=13722 (full 12712):
 garbage-first heap   total 133120K, used 47136K [0x00000000c0000000, 0x0000000100000000)
  region size 1024K, 0 young (0K), 0 survivors (0K)
 Metaspace       used 67475K, committed 67968K, reserved 1114112K
  class space    used 8930K, committed 9152K, reserved 1048576K
}
Event: 255257.472 GC heap before
{Heap before GC invocations=13722 (full 12712):
 garbage-first heap   total 133120K, used 47136K [0x00000000c0000000, 0x0000000100000000)
  region size 1024K, 1 young (1024K), 0 survivors (0K)
 Metaspace       used 67475K, committed 67968K, reserved 1114112K
  class space    used 8930K, committed 9152K, reserved 1048576K
}
Event: 255257.538 GC heap after
{Heap after GC invocations=13723 (full 12713):
 garbage-first heap   total 133120K, used 47136K [0x00000000c0000000, 0x0000000100000000)
  region size 1024K, 0 young (0K), 0 survivors (0K)
 Metaspace       used 67475K, committed 67968K, reserved 1114112K
  class space    used 8930K, committed 9152K, reserved 1048576K
}
Event: 255268.048 GC heap before
{Heap before GC invocations=13723 (full 12713):
 garbage-first heap   total 133120K, used 47136K [0x00000000c0000000, 0x0000000100000000)
  region size 1024K, 1 young (1024K), 0 survivors (0K)
 Metaspace       used 67475K, committed 67968K, reserved 1114112K
  class space    used 8930K, committed 9152K, reserved 1048576K
}
Event: 255268.163 GC heap after
{Heap after GC invocations=13724 (full 12714):
 garbage-first heap   total 133120K, used 47136K [0x00000000c0000000, 0x0000000100000000)
  region size 1024K, 0 young (0K), 0 survivors (0K)
 Metaspace       used 67475K, committed 67968K, reserved 1114112K
  class space    used 8930K, committed 9152K, reserved 1048576K
}
Event: 255278.385 GC heap before
{Heap before GC invocations=13724 (full 12714):
 garbage-first heap   total 133120K, used 47136K [0x00000000c0000000, 0x0000000100000000)
  region size 1024K, 1 young (1024K), 0 survivors (0K)
 Metaspace       used 67475K, committed 67968K, reserved 1114112K
  class space    used 8930K, committed 9152K, reserved 1048576K
}
Event: 255278.450 GC heap after
{Heap after GC invocations=13725 (full 12715):
 garbage-first heap   total 133120K, used 47136K [0x00000000c0000000, 0x0000000100000000)
  region size 1024K, 0 young (0K), 0 survivors (0K)
 Metaspace       used 67475K, committed 67968K, reserved 1114112K
  class space    used 8930K, committed 9152K, reserved 1048576K
}

